#
# There is insufficient memory for the Java Runtime Environment to continue.
# Native memory allocation (malloc) failed to allocate 148496 bytes. Error detail: Chunk::new
# Possible reasons:
#   The system is out of physical RAM or swap space
#   This process is running with CompressedOops enabled, and the Java Heap may be blocking the growth of the native heap
# Possible solutions:
#   Reduce memory load on the system
#   Increase physical memory or swap space
#   Check if swap backing store is full
#   Decrease Java heap size (-Xmx/-Xms)
#   Decrease number of Java threads
#   Decrease Java thread stack sizes (-Xss)
#   Set larger code cache with -XX:ReservedCodeCacheSize=
#   JVM is running with Zero Based Compressed Oops mode in which the Java heap is
#     placed in the first 32GB address space. The Java Heap base address is the
#     maximum limit for the native heap growth. Please use -XX:HeapBaseMinAddress
#     to set the Java Heap base and to place the Java Heap above 32GB virtual address.
# This output file may be truncated or incomplete.
#
#  Out of Memory Error (arena.cpp:150), pid=30412, tid=2820
#
# JRE version: OpenJDK Runtime Environment (22.0+36) (build 22+36-2370)
# Java VM: OpenJDK 64-Bit Server VM (22+36-2370, mixed mode, sharing, tiered, compressed oops, compressed class ptrs, g1 gc, windows-amd64)
# No core dump will be written. Minidumps are not enabled by default on client versions of Windows
#

---------------  S U M M A R Y ------------

Command Line: -agentlib:jdwp=transport=dt_socket,address=127.0.0.1:61752,suspend=y,server=n -javaagent:C:\Users\pinzauti\AppData\Local\JetBrains\IntelliJIdea2024.1\captureAgent\debugger-agent.jar -Dfile.encoding=UTF-8 -Dsun.stdout.encoding=UTF-8 -Dsun.stderr.encoding=UTF-8 com.temera.movie.MovieApplication

Host: Intel(R) Core(TM) i7-8565U CPU @ 1.80GHz, 8 cores, 31G,  Windows 11 , 64 bit Build 22621 (10.0.22621.1344)
Time: Thu May 30 18:12:00 2024 ora legale Europa occidentale elapsed time: 1.176136 seconds (0d 0h 0m 1s)

---------------  T H R E A D  ---------------

Current thread (0x00000174c0505050):  JavaThread "C2 CompilerThread0" daemon [_thread_in_native, id=2820, stack(0x0000004524900000,0x0000004524a00000) (1024K)]


Current CompileTask:
C2:1176  815   !   4       java.util.jar.JarFile::checkForSpecialAttributes (163 bytes)

Stack: [0x0000004524900000,0x0000004524a00000]
Native frames: (J=compiled Java code, j=interpreted, Vv=VM code, C=native code)
V  [jvm.dll+0x6e2349]  (no source info available)
V  [jvm.dll+0x874ed3]  (no source info available)
V  [jvm.dll+0x8772fe]  (no source info available)
V  [jvm.dll+0x8779d3]  (no source info available)
V  [jvm.dll+0x27fcb6]  (no source info available)
V  [jvm.dll+0xc3d0f]  (no source info available)
V  [jvm.dll+0xc3f6b]  (no source info available)
V  [jvm.dll+0x3bb022]  (no source info available)
V  [jvm.dll+0x387abb]  (no source info available)
V  [jvm.dll+0x386f2a]  (no source info available)
V  [jvm.dll+0x247908]  (no source info available)
V  [jvm.dll+0x246faf]  (no source info available)
V  [jvm.dll+0x1c4e90]  (no source info available)
V  [jvm.dll+0x25699e]  (no source info available)
V  [jvm.dll+0x254c5a]  (no source info available)
V  [jvm.dll+0x3f5426]  (no source info available)
V  [jvm.dll+0x81d50b]  (no source info available)
V  [jvm.dll+0x6e09e5]  (no source info available)
C  [ucrtbase.dll+0x29363]  (no source info available)
C  [KERNEL32.DLL+0x126bd]  (no source info available)
C  [ntdll.dll+0x5a9f8]  (no source info available)


---------------  P R O C E S S  ---------------

Threads class SMR info:
_java_thread_list=0x000001750626d190, length=15, elements={
0x000001749a34efe0, 0x00000174c04f2c40, 0x00000174c04f9870, 0x00000174c04fdde0,
0x00000174c04fecd0, 0x00000174c04ff8e0, 0x00000174c0500ae0, 0x00000174c0505050,
0x00000174c0517610, 0x00000174bdc40380, 0x00000174c07a0050, 0x00000174c07ac280,
0x00000174c07acab0, 0x00000174c0720130, 0x00000175063df4f0
}

Java Threads: ( => current thread )
  0x000001749a34efe0 JavaThread "main"                              [_thread_in_Java, id=42176, stack(0x0000004523b00000,0x0000004523c00000) (1024K)]
  0x00000174c04f2c40 JavaThread "Reference Handler"          daemon [_thread_blocked, id=34216, stack(0x0000004524300000,0x0000004524400000) (1024K)]
  0x00000174c04f9870 JavaThread "Finalizer"                  daemon [_thread_blocked, id=39576, stack(0x0000004524400000,0x0000004524500000) (1024K)]
  0x00000174c04fdde0 JavaThread "Signal Dispatcher"          daemon [_thread_blocked, id=27544, stack(0x0000004524500000,0x0000004524600000) (1024K)]
  0x00000174c04fecd0 JavaThread "Attach Listener"            daemon [_thread_blocked, id=24988, stack(0x0000004524600000,0x0000004524700000) (1024K)]
  0x00000174c04ff8e0 JavaThread "Service Thread"             daemon [_thread_blocked, id=35004, stack(0x0000004524700000,0x0000004524800000) (1024K)]
  0x00000174c0500ae0 JavaThread "Monitor Deflation Thread"   daemon [_thread_blocked, id=27956, stack(0x0000004524800000,0x0000004524900000) (1024K)]
=>0x00000174c0505050 JavaThread "C2 CompilerThread0"         daemon [_thread_in_native, id=2820, stack(0x0000004524900000,0x0000004524a00000) (1024K)]
  0x00000174c0517610 JavaThread "C1 CompilerThread0"         daemon [_thread_in_native, id=7696, stack(0x0000004524a00000,0x0000004524b00000) (1024K)]
  0x00000174bdc40380 JavaThread "Common-Cleaner"             daemon [_thread_blocked, id=39280, stack(0x0000004524b00000,0x0000004524c00000) (1024K)]
  0x00000174c07a0050 JavaThread "JDWP Transport Listener: dt_socket" daemon [_thread_blocked, id=24724, stack(0x0000004524c00000,0x0000004524d00000) (1024K)]
  0x00000174c07ac280 JavaThread "JDWP Event Helper Thread"   daemon [_thread_blocked, id=20660, stack(0x0000004524d00000,0x0000004524e00000) (1024K)]
  0x00000174c07acab0 JavaThread "JDWP Command Reader"        daemon [_thread_in_native, id=13788, stack(0x0000004524e00000,0x0000004524f00000) (1024K)]
  0x00000174c0720130 JavaThread "Notification Thread"        daemon [_thread_blocked, id=42264, stack(0x0000004524f00000,0x0000004525000000) (1024K)]
  0x00000175063df4f0 JavaThread "C2 CompilerThread1"         daemon [_thread_in_native, id=42620, stack(0x0000004525000000,0x0000004525100000) (1024K)]
Total: 15

Other Threads:
  0x00000174bdc571f0 VMThread "VM Thread"                           [id=42060, stack(0x0000004524200000,0x0000004524300000) (1024K)]
  0x00000174bdc3f2d0 WatcherThread "VM Periodic Task Thread"        [id=23176, stack(0x0000004524100000,0x0000004524200000) (1024K)]
  0x00000174bda9fc90 WorkerThread "GC Thread#0"                     [id=16580, stack(0x0000004523c00000,0x0000004523d00000) (1024K)]
  0x000001749c50f450 ConcurrentGCThread "G1 Main Marker"            [id=31840, stack(0x0000004523d00000,0x0000004523e00000) (1024K)]
  0x000001749c5108c0 WorkerThread "G1 Conc#0"                       [id=17740, stack(0x0000004523e00000,0x0000004523f00000) (1024K)]
  0x00000174bdb00530 ConcurrentGCThread "G1 Refine#0"               [id=7640, stack(0x0000004523f00000,0x0000004524000000) (1024K)]
  0x00000174bdb014d0 ConcurrentGCThread "G1 Service"                [id=19604, stack(0x0000004524000000,0x0000004524100000) (1024K)]
Total: 7

Threads with active compile tasks:
C2 CompilerThread0  1289  815   !   4       java.util.jar.JarFile::checkForSpecialAttributes (163 bytes)
C1 CompilerThread0  1289  885       3       java.net.URLStreamHandler::parseURL (1124 bytes)
C2 CompilerThread1  1289  819       4       java.util.jar.JarFile::getEntry (35 bytes)
Total: 3

VM state: not at safepoint (normal execution)

VM Mutex/Monitor currently owned by a thread: None

Heap address: 0x0000000602000000, size: 8160 MB, Compressed Oops mode: Zero based, Oop shift amount: 3

CDS archive(s) mapped at: [0x00000174c1000000-0x00000174c1c50000-0x00000174c1c50000), size 12910592, SharedBaseAddress: 0x00000174c1000000, ArchiveRelocationMode: 1.
Compressed class space mapped at: 0x00000174c2000000-0x0000017502000000, reserved size: 1073741824
Narrow klass base: 0x00000174c1000000, Narrow klass shift: 0, Narrow klass range: 0x41000000

GC Precious Log:
 CardTable entry size: 512
 Card Set container configuration: InlinePtr #cards 4 size 8 Array Of Cards #cards 32 size 80 Howl #buckets 8 coarsen threshold 7372 Howl Bitmap #cards 1024 size 144 coarsen threshold 921 Card regions per heap region 1 cards per card region 8192
 CPUs: 8 total, 8 available
 Memory: 32638M
 Large Page Support: Disabled
 NUMA Support: Disabled
 Compressed Oops: Enabled (Zero based)
 Heap Region Size: 4M
 Heap Min Capacity: 8M
 Heap Initial Capacity: 512M
 Heap Max Capacity: 8160M
 Pre-touch: Disabled
 Parallel Workers: 8
 Concurrent Workers: 2
 Concurrent Refinement Workers: 8
 Periodic GC: Disabled

Heap:
 garbage-first heap   total reserved 8355840K, committed 524288K, used 12288K [0x0000000602000000, 0x0000000800000000)
  region size 4096K, 5 young (20480K), 0 survivors (0K)
 Metaspace       used 3356K, committed 3584K, reserved 1114112K
  class space    used 339K, committed 448K, reserved 1048576K

Heap Regions: E=young(eden), S=young(survivor), O=old, HS=humongous(starts), HC=humongous(continues), CS=collection set, F=free, TAMS=top-at-mark-start, PB=parsable bottom
|   0|0x0000000602000000, 0x0000000602000000, 0x0000000602400000|  0%| F|  |TAMS 0x0000000602000000| PB 0x0000000602000000| Untracked |  0
|   1|0x0000000602400000, 0x0000000602400000, 0x0000000602800000|  0%| F|  |TAMS 0x0000000602400000| PB 0x0000000602400000| Untracked |  0
|   2|0x0000000602800000, 0x0000000602800000, 0x0000000602c00000|  0%| F|  |TAMS 0x0000000602800000| PB 0x0000000602800000| Untracked |  0
|   3|0x0000000602c00000, 0x0000000602c00000, 0x0000000603000000|  0%| F|  |TAMS 0x0000000602c00000| PB 0x0000000602c00000| Untracked |  0
|   4|0x0000000603000000, 0x0000000603000000, 0x0000000603400000|  0%| F|  |TAMS 0x0000000603000000| PB 0x0000000603000000| Untracked |  0
|   5|0x0000000603400000, 0x0000000603400000, 0x0000000603800000|  0%| F|  |TAMS 0x0000000603400000| PB 0x0000000603400000| Untracked |  0
|   6|0x0000000603800000, 0x0000000603800000, 0x0000000603c00000|  0%| F|  |TAMS 0x0000000603800000| PB 0x0000000603800000| Untracked |  0
|   7|0x0000000603c00000, 0x0000000603c00000, 0x0000000604000000|  0%| F|  |TAMS 0x0000000603c00000| PB 0x0000000603c00000| Untracked |  0
|   8|0x0000000604000000, 0x0000000604000000, 0x0000000604400000|  0%| F|  |TAMS 0x0000000604000000| PB 0x0000000604000000| Untracked |  0
|   9|0x0000000604400000, 0x0000000604400000, 0x0000000604800000|  0%| F|  |TAMS 0x0000000604400000| PB 0x0000000604400000| Untracked |  0
|  10|0x0000000604800000, 0x0000000604800000, 0x0000000604c00000|  0%| F|  |TAMS 0x0000000604800000| PB 0x0000000604800000| Untracked |  0
|  11|0x0000000604c00000, 0x0000000604c00000, 0x0000000605000000|  0%| F|  |TAMS 0x0000000604c00000| PB 0x0000000604c00000| Untracked |  0
|  12|0x0000000605000000, 0x0000000605000000, 0x0000000605400000|  0%| F|  |TAMS 0x0000000605000000| PB 0x0000000605000000| Untracked |  0
|  13|0x0000000605400000, 0x0000000605400000, 0x0000000605800000|  0%| F|  |TAMS 0x0000000605400000| PB 0x0000000605400000| Untracked |  0
|  14|0x0000000605800000, 0x0000000605800000, 0x0000000605c00000|  0%| F|  |TAMS 0x0000000605800000| PB 0x0000000605800000| Untracked |  0
|  15|0x0000000605c00000, 0x0000000605c00000, 0x0000000606000000|  0%| F|  |TAMS 0x0000000605c00000| PB 0x0000000605c00000| Untracked |  0
|  16|0x0000000606000000, 0x0000000606000000, 0x0000000606400000|  0%| F|  |TAMS 0x0000000606000000| PB 0x0000000606000000| Untracked |  0
|  17|0x0000000606400000, 0x0000000606400000, 0x0000000606800000|  0%| F|  |TAMS 0x0000000606400000| PB 0x0000000606400000| Untracked |  0
|  18|0x0000000606800000, 0x0000000606800000, 0x0000000606c00000|  0%| F|  |TAMS 0x0000000606800000| PB 0x0000000606800000| Untracked |  0
|  19|0x0000000606c00000, 0x0000000606c00000, 0x0000000607000000|  0%| F|  |TAMS 0x0000000606c00000| PB 0x0000000606c00000| Untracked |  0
|  20|0x0000000607000000, 0x0000000607000000, 0x0000000607400000|  0%| F|  |TAMS 0x0000000607000000| PB 0x0000000607000000| Untracked |  0
|  21|0x0000000607400000, 0x0000000607400000, 0x0000000607800000|  0%| F|  |TAMS 0x0000000607400000| PB 0x0000000607400000| Untracked |  0
|  22|0x0000000607800000, 0x0000000607800000, 0x0000000607c00000|  0%| F|  |TAMS 0x0000000607800000| PB 0x0000000607800000| Untracked |  0
|  23|0x0000000607c00000, 0x0000000607c00000, 0x0000000608000000|  0%| F|  |TAMS 0x0000000607c00000| PB 0x0000000607c00000| Untracked |  0
|  24|0x0000000608000000, 0x0000000608000000, 0x0000000608400000|  0%| F|  |TAMS 0x0000000608000000| PB 0x0000000608000000| Untracked |  0
|  25|0x0000000608400000, 0x0000000608400000, 0x0000000608800000|  0%| F|  |TAMS 0x0000000608400000| PB 0x0000000608400000| Untracked |  0
|  26|0x0000000608800000, 0x0000000608800000, 0x0000000608c00000|  0%| F|  |TAMS 0x0000000608800000| PB 0x0000000608800000| Untracked |  0
|  27|0x0000000608c00000, 0x0000000608c00000, 0x0000000609000000|  0%| F|  |TAMS 0x0000000608c00000| PB 0x0000000608c00000| Untracked |  0
|  28|0x0000000609000000, 0x0000000609000000, 0x0000000609400000|  0%| F|  |TAMS 0x0000000609000000| PB 0x0000000609000000| Untracked |  0
|  29|0x0000000609400000, 0x0000000609400000, 0x0000000609800000|  0%| F|  |TAMS 0x0000000609400000| PB 0x0000000609400000| Untracked |  0
|  30|0x0000000609800000, 0x0000000609800000, 0x0000000609c00000|  0%| F|  |TAMS 0x0000000609800000| PB 0x0000000609800000| Untracked |  0
|  31|0x0000000609c00000, 0x0000000609c00000, 0x000000060a000000|  0%| F|  |TAMS 0x0000000609c00000| PB 0x0000000609c00000| Untracked |  0
|  32|0x000000060a000000, 0x000000060a000000, 0x000000060a400000|  0%| F|  |TAMS 0x000000060a000000| PB 0x000000060a000000| Untracked |  0
|  33|0x000000060a400000, 0x000000060a400000, 0x000000060a800000|  0%| F|  |TAMS 0x000000060a400000| PB 0x000000060a400000| Untracked |  0
|  34|0x000000060a800000, 0x000000060a800000, 0x000000060ac00000|  0%| F|  |TAMS 0x000000060a800000| PB 0x000000060a800000| Untracked |  0
|  35|0x000000060ac00000, 0x000000060ac00000, 0x000000060b000000|  0%| F|  |TAMS 0x000000060ac00000| PB 0x000000060ac00000| Untracked |  0
|  36|0x000000060b000000, 0x000000060b000000, 0x000000060b400000|  0%| F|  |TAMS 0x000000060b000000| PB 0x000000060b000000| Untracked |  0
|  37|0x000000060b400000, 0x000000060b400000, 0x000000060b800000|  0%| F|  |TAMS 0x000000060b400000| PB 0x000000060b400000| Untracked |  0
|  38|0x000000060b800000, 0x000000060b800000, 0x000000060bc00000|  0%| F|  |TAMS 0x000000060b800000| PB 0x000000060b800000| Untracked |  0
|  39|0x000000060bc00000, 0x000000060bc00000, 0x000000060c000000|  0%| F|  |TAMS 0x000000060bc00000| PB 0x000000060bc00000| Untracked |  0
|  40|0x000000060c000000, 0x000000060c000000, 0x000000060c400000|  0%| F|  |TAMS 0x000000060c000000| PB 0x000000060c000000| Untracked |  0
|  41|0x000000060c400000, 0x000000060c400000, 0x000000060c800000|  0%| F|  |TAMS 0x000000060c400000| PB 0x000000060c400000| Untracked |  0
|  42|0x000000060c800000, 0x000000060c800000, 0x000000060cc00000|  0%| F|  |TAMS 0x000000060c800000| PB 0x000000060c800000| Untracked |  0
|  43|0x000000060cc00000, 0x000000060cc00000, 0x000000060d000000|  0%| F|  |TAMS 0x000000060cc00000| PB 0x000000060cc00000| Untracked |  0
|  44|0x000000060d000000, 0x000000060d000000, 0x000000060d400000|  0%| F|  |TAMS 0x000000060d000000| PB 0x000000060d000000| Untracked |  0
|  45|0x000000060d400000, 0x000000060d400000, 0x000000060d800000|  0%| F|  |TAMS 0x000000060d400000| PB 0x000000060d400000| Untracked |  0
|  46|0x000000060d800000, 0x000000060d800000, 0x000000060dc00000|  0%| F|  |TAMS 0x000000060d800000| PB 0x000000060d800000| Untracked |  0
|  47|0x000000060dc00000, 0x000000060dc00000, 0x000000060e000000|  0%| F|  |TAMS 0x000000060dc00000| PB 0x000000060dc00000| Untracked |  0
|  48|0x000000060e000000, 0x000000060e000000, 0x000000060e400000|  0%| F|  |TAMS 0x000000060e000000| PB 0x000000060e000000| Untracked |  0
|  49|0x000000060e400000, 0x000000060e400000, 0x000000060e800000|  0%| F|  |TAMS 0x000000060e400000| PB 0x000000060e400000| Untracked |  0
|  50|0x000000060e800000, 0x000000060e800000, 0x000000060ec00000|  0%| F|  |TAMS 0x000000060e800000| PB 0x000000060e800000| Untracked |  0
|  51|0x000000060ec00000, 0x000000060ec00000, 0x000000060f000000|  0%| F|  |TAMS 0x000000060ec00000| PB 0x000000060ec00000| Untracked |  0
|  52|0x000000060f000000, 0x000000060f000000, 0x000000060f400000|  0%| F|  |TAMS 0x000000060f000000| PB 0x000000060f000000| Untracked |  0
|  53|0x000000060f400000, 0x000000060f400000, 0x000000060f800000|  0%| F|  |TAMS 0x000000060f400000| PB 0x000000060f400000| Untracked |  0
|  54|0x000000060f800000, 0x000000060f800000, 0x000000060fc00000|  0%| F|  |TAMS 0x000000060f800000| PB 0x000000060f800000| Untracked |  0
|  55|0x000000060fc00000, 0x000000060fc00000, 0x0000000610000000|  0%| F|  |TAMS 0x000000060fc00000| PB 0x000000060fc00000| Untracked |  0
|  56|0x0000000610000000, 0x0000000610000000, 0x0000000610400000|  0%| F|  |TAMS 0x0000000610000000| PB 0x0000000610000000| Untracked |  0
|  57|0x0000000610400000, 0x0000000610400000, 0x0000000610800000|  0%| F|  |TAMS 0x0000000610400000| PB 0x0000000610400000| Untracked |  0
|  58|0x0000000610800000, 0x0000000610800000, 0x0000000610c00000|  0%| F|  |TAMS 0x0000000610800000| PB 0x0000000610800000| Untracked |  0
|  59|0x0000000610c00000, 0x0000000610c00000, 0x0000000611000000|  0%| F|  |TAMS 0x0000000610c00000| PB 0x0000000610c00000| Untracked |  0
|  60|0x0000000611000000, 0x0000000611000000, 0x0000000611400000|  0%| F|  |TAMS 0x0000000611000000| PB 0x0000000611000000| Untracked |  0
|  61|0x0000000611400000, 0x0000000611400000, 0x0000000611800000|  0%| F|  |TAMS 0x0000000611400000| PB 0x0000000611400000| Untracked |  0
|  62|0x0000000611800000, 0x0000000611800000, 0x0000000611c00000|  0%| F|  |TAMS 0x0000000611800000| PB 0x0000000611800000| Untracked |  0
|  63|0x0000000611c00000, 0x0000000611c00000, 0x0000000612000000|  0%| F|  |TAMS 0x0000000611c00000| PB 0x0000000611c00000| Untracked |  0
|  64|0x0000000612000000, 0x0000000612000000, 0x0000000612400000|  0%| F|  |TAMS 0x0000000612000000| PB 0x0000000612000000| Untracked |  0
|  65|0x0000000612400000, 0x0000000612400000, 0x0000000612800000|  0%| F|  |TAMS 0x0000000612400000| PB 0x0000000612400000| Untracked |  0
|  66|0x0000000612800000, 0x0000000612800000, 0x0000000612c00000|  0%| F|  |TAMS 0x0000000612800000| PB 0x0000000612800000| Untracked |  0
|  67|0x0000000612c00000, 0x0000000612c00000, 0x0000000613000000|  0%| F|  |TAMS 0x0000000612c00000| PB 0x0000000612c00000| Untracked |  0
|  68|0x0000000613000000, 0x0000000613000000, 0x0000000613400000|  0%| F|  |TAMS 0x0000000613000000| PB 0x0000000613000000| Untracked |  0
|  69|0x0000000613400000, 0x0000000613400000, 0x0000000613800000|  0%| F|  |TAMS 0x0000000613400000| PB 0x0000000613400000| Untracked |  0
|  70|0x0000000613800000, 0x0000000613800000, 0x0000000613c00000|  0%| F|  |TAMS 0x0000000613800000| PB 0x0000000613800000| Untracked |  0
|  71|0x0000000613c00000, 0x0000000613c00000, 0x0000000614000000|  0%| F|  |TAMS 0x0000000613c00000| PB 0x0000000613c00000| Untracked |  0
|  72|0x0000000614000000, 0x0000000614000000, 0x0000000614400000|  0%| F|  |TAMS 0x0000000614000000| PB 0x0000000614000000| Untracked |  0
|  73|0x0000000614400000, 0x0000000614400000, 0x0000000614800000|  0%| F|  |TAMS 0x0000000614400000| PB 0x0000000614400000| Untracked |  0
|  74|0x0000000614800000, 0x0000000614800000, 0x0000000614c00000|  0%| F|  |TAMS 0x0000000614800000| PB 0x0000000614800000| Untracked |  0
|  75|0x0000000614c00000, 0x0000000614c00000, 0x0000000615000000|  0%| F|  |TAMS 0x0000000614c00000| PB 0x0000000614c00000| Untracked |  0
|  76|0x0000000615000000, 0x0000000615000000, 0x0000000615400000|  0%| F|  |TAMS 0x0000000615000000| PB 0x0000000615000000| Untracked |  0
|  77|0x0000000615400000, 0x0000000615400000, 0x0000000615800000|  0%| F|  |TAMS 0x0000000615400000| PB 0x0000000615400000| Untracked |  0
|  78|0x0000000615800000, 0x0000000615800000, 0x0000000615c00000|  0%| F|  |TAMS 0x0000000615800000| PB 0x0000000615800000| Untracked |  0
|  79|0x0000000615c00000, 0x0000000615c00000, 0x0000000616000000|  0%| F|  |TAMS 0x0000000615c00000| PB 0x0000000615c00000| Untracked |  0
|  80|0x0000000616000000, 0x0000000616000000, 0x0000000616400000|  0%| F|  |TAMS 0x0000000616000000| PB 0x0000000616000000| Untracked |  0
|  81|0x0000000616400000, 0x0000000616400000, 0x0000000616800000|  0%| F|  |TAMS 0x0000000616400000| PB 0x0000000616400000| Untracked |  0
|  82|0x0000000616800000, 0x0000000616800000, 0x0000000616c00000|  0%| F|  |TAMS 0x0000000616800000| PB 0x0000000616800000| Untracked |  0
|  83|0x0000000616c00000, 0x0000000616c00000, 0x0000000617000000|  0%| F|  |TAMS 0x0000000616c00000| PB 0x0000000616c00000| Untracked |  0
|  84|0x0000000617000000, 0x0000000617000000, 0x0000000617400000|  0%| F|  |TAMS 0x0000000617000000| PB 0x0000000617000000| Untracked |  0
|  85|0x0000000617400000, 0x0000000617400000, 0x0000000617800000|  0%| F|  |TAMS 0x0000000617400000| PB 0x0000000617400000| Untracked |  0
|  86|0x0000000617800000, 0x0000000617800000, 0x0000000617c00000|  0%| F|  |TAMS 0x0000000617800000| PB 0x0000000617800000| Untracked |  0
|  87|0x0000000617c00000, 0x0000000617c00000, 0x0000000618000000|  0%| F|  |TAMS 0x0000000617c00000| PB 0x0000000617c00000| Untracked |  0
|  88|0x0000000618000000, 0x0000000618000000, 0x0000000618400000|  0%| F|  |TAMS 0x0000000618000000| PB 0x0000000618000000| Untracked |  0
|  89|0x0000000618400000, 0x0000000618400000, 0x0000000618800000|  0%| F|  |TAMS 0x0000000618400000| PB 0x0000000618400000| Untracked |  0
|  90|0x0000000618800000, 0x0000000618800000, 0x0000000618c00000|  0%| F|  |TAMS 0x0000000618800000| PB 0x0000000618800000| Untracked |  0
|  91|0x0000000618c00000, 0x0000000618c00000, 0x0000000619000000|  0%| F|  |TAMS 0x0000000618c00000| PB 0x0000000618c00000| Untracked |  0
|  92|0x0000000619000000, 0x0000000619000000, 0x0000000619400000|  0%| F|  |TAMS 0x0000000619000000| PB 0x0000000619000000| Untracked |  0
|  93|0x0000000619400000, 0x0000000619400000, 0x0000000619800000|  0%| F|  |TAMS 0x0000000619400000| PB 0x0000000619400000| Untracked |  0
|  94|0x0000000619800000, 0x0000000619800000, 0x0000000619c00000|  0%| F|  |TAMS 0x0000000619800000| PB 0x0000000619800000| Untracked |  0
|  95|0x0000000619c00000, 0x0000000619c00000, 0x000000061a000000|  0%| F|  |TAMS 0x0000000619c00000| PB 0x0000000619c00000| Untracked |  0
|  96|0x000000061a000000, 0x000000061a000000, 0x000000061a400000|  0%| F|  |TAMS 0x000000061a000000| PB 0x000000061a000000| Untracked |  0
|  97|0x000000061a400000, 0x000000061a400000, 0x000000061a800000|  0%| F|  |TAMS 0x000000061a400000| PB 0x000000061a400000| Untracked |  0
|  98|0x000000061a800000, 0x000000061a800000, 0x000000061ac00000|  0%| F|  |TAMS 0x000000061a800000| PB 0x000000061a800000| Untracked |  0
|  99|0x000000061ac00000, 0x000000061ac00000, 0x000000061b000000|  0%| F|  |TAMS 0x000000061ac00000| PB 0x000000061ac00000| Untracked |  0
| 100|0x000000061b000000, 0x000000061b000000, 0x000000061b400000|  0%| F|  |TAMS 0x000000061b000000| PB 0x000000061b000000| Untracked |  0
| 101|0x000000061b400000, 0x000000061b400000, 0x000000061b800000|  0%| F|  |TAMS 0x000000061b400000| PB 0x000000061b400000| Untracked |  0
| 102|0x000000061b800000, 0x000000061b800000, 0x000000061bc00000|  0%| F|  |TAMS 0x000000061b800000| PB 0x000000061b800000| Untracked |  0
| 103|0x000000061bc00000, 0x000000061bc00000, 0x000000061c000000|  0%| F|  |TAMS 0x000000061bc00000| PB 0x000000061bc00000| Untracked |  0
| 104|0x000000061c000000, 0x000000061c000000, 0x000000061c400000|  0%| F|  |TAMS 0x000000061c000000| PB 0x000000061c000000| Untracked |  0
| 105|0x000000061c400000, 0x000000061c400000, 0x000000061c800000|  0%| F|  |TAMS 0x000000061c400000| PB 0x000000061c400000| Untracked |  0
| 106|0x000000061c800000, 0x000000061c800000, 0x000000061cc00000|  0%| F|  |TAMS 0x000000061c800000| PB 0x000000061c800000| Untracked |  0
| 107|0x000000061cc00000, 0x000000061cc00000, 0x000000061d000000|  0%| F|  |TAMS 0x000000061cc00000| PB 0x000000061cc00000| Untracked |  0
| 108|0x000000061d000000, 0x000000061d000000, 0x000000061d400000|  0%| F|  |TAMS 0x000000061d000000| PB 0x000000061d000000| Untracked |  0
| 109|0x000000061d400000, 0x000000061d400000, 0x000000061d800000|  0%| F|  |TAMS 0x000000061d400000| PB 0x000000061d400000| Untracked |  0
| 110|0x000000061d800000, 0x000000061d800000, 0x000000061dc00000|  0%| F|  |TAMS 0x000000061d800000| PB 0x000000061d800000| Untracked |  0
| 111|0x000000061dc00000, 0x000000061dc00000, 0x000000061e000000|  0%| F|  |TAMS 0x000000061dc00000| PB 0x000000061dc00000| Untracked |  0
| 112|0x000000061e000000, 0x000000061e000000, 0x000000061e400000|  0%| F|  |TAMS 0x000000061e000000| PB 0x000000061e000000| Untracked |  0
| 113|0x000000061e400000, 0x000000061e400000, 0x000000061e800000|  0%| F|  |TAMS 0x000000061e400000| PB 0x000000061e400000| Untracked |  0
| 114|0x000000061e800000, 0x000000061e800000, 0x000000061ec00000|  0%| F|  |TAMS 0x000000061e800000| PB 0x000000061e800000| Untracked |  0
| 115|0x000000061ec00000, 0x000000061ec00000, 0x000000061f000000|  0%| F|  |TAMS 0x000000061ec00000| PB 0x000000061ec00000| Untracked |  0
| 116|0x000000061f000000, 0x000000061f000000, 0x000000061f400000|  0%| F|  |TAMS 0x000000061f000000| PB 0x000000061f000000| Untracked |  0
| 117|0x000000061f400000, 0x000000061f400000, 0x000000061f800000|  0%| F|  |TAMS 0x000000061f400000| PB 0x000000061f400000| Untracked |  0
| 118|0x000000061f800000, 0x000000061f800000, 0x000000061fc00000|  0%| F|  |TAMS 0x000000061f800000| PB 0x000000061f800000| Untracked |  0
| 119|0x000000061fc00000, 0x000000061fc00000, 0x0000000620000000|  0%| F|  |TAMS 0x000000061fc00000| PB 0x000000061fc00000| Untracked |  0
| 120|0x0000000620000000, 0x0000000620000000, 0x0000000620400000|  0%| F|  |TAMS 0x0000000620000000| PB 0x0000000620000000| Untracked |  0
| 121|0x0000000620400000, 0x0000000620400000, 0x0000000620800000|  0%| F|  |TAMS 0x0000000620400000| PB 0x0000000620400000| Untracked |  0
| 122|0x0000000620800000, 0x0000000620800000, 0x0000000620c00000|  0%| F|  |TAMS 0x0000000620800000| PB 0x0000000620800000| Untracked |  0
| 123|0x0000000620c00000, 0x0000000620f04400, 0x0000000621000000| 75%| E|  |TAMS 0x0000000620c00000| PB 0x0000000620c00000| Complete |  0
| 124|0x0000000621000000, 0x0000000621400000, 0x0000000621400000|100%| E|  |TAMS 0x0000000621000000| PB 0x0000000621000000| Complete |  0
| 125|0x0000000621400000, 0x0000000621800000, 0x0000000621800000|100%| E|CS|TAMS 0x0000000621400000| PB 0x0000000621400000| Complete |  0
| 126|0x0000000621800000, 0x0000000621c00000, 0x0000000621c00000|100%| E|CS|TAMS 0x0000000621800000| PB 0x0000000621800000| Complete |  0
| 127|0x0000000621c00000, 0x0000000622000000, 0x0000000622000000|100%| E|CS|TAMS 0x0000000621c00000| PB 0x0000000621c00000| Complete |  0

Card table byte_map: [0x00000174b4af0000,0x00000174b5ae0000] _byte_map_base: 0x00000174b1ae0000

Marking Bits: (CMBitMap*) 0x00000174bdaa03a0
 Bits: [0x00000174b5ae0000, 0x00000174bda60000)

Polling page: 0x000001749a440000

Metaspace:

Usage:
  Non-class:      2.96 MB used.
      Class:    343.66 KB used.
       Both:      3.30 MB used.

Virtual space:
  Non-class space:       64.00 MB reserved,       3.06 MB (  5%) committed,  1 nodes.
      Class space:        1.00 GB reserved,     448.00 KB ( <1%) committed,  1 nodes.
             Both:        1.06 GB reserved,       3.50 MB ( <1%) committed. 

Chunk freelists:
   Non-Class:  10.75 MB
       Class:  15.54 MB
        Both:  26.29 MB

MaxMetaspaceSize: unlimited
CompressedClassSpaceSize: 1.00 GB
Initial GC threshold: 21.00 MB
Current GC threshold: 21.00 MB
CDS: on
 - commit_granule_bytes: 65536.
 - commit_granule_words: 8192.
 - virtual_space_node_default_size: 8388608.
 - enlarge_chunks_in_place: 1.
 - use_allocation_guard: 0.


Internal statistics:

num_allocs_failed_limit: 0.
num_arena_births: 102.
num_arena_deaths: 0.
num_vsnodes_births: 2.
num_vsnodes_deaths: 0.
num_space_committed: 56.
num_space_uncommitted: 0.
num_chunks_returned_to_freelist: 0.
num_chunks_taken_from_freelist: 200.
num_chunk_merges: 0.
num_chunk_splits: 113.
num_chunks_enlarged: 54.
num_inconsistent_stats: 0.

CodeHeap 'non-profiled nmethods': size=120000Kb used=321Kb max_used=321Kb free=119678Kb
 bounds [0x00000174ac2a0000, 0x00000174ac510000, 0x00000174b37d0000]
CodeHeap 'profiled nmethods': size=120000Kb used=1494Kb max_used=1494Kb free=118505Kb
 bounds [0x00000174a47d0000, 0x00000174a4a40000, 0x00000174abd00000]
CodeHeap 'non-nmethods': size=5760Kb used=1432Kb max_used=1453Kb free=4328Kb
 bounds [0x00000174abd00000, 0x00000174abf70000, 0x00000174ac2a0000]
 total_blobs=1349 nmethods=881 adapters=373
 compilation: enabled
              stopped_count=0, restarted_count=0
 full_count=0

Compilation events (20 events):
Event: 1.163 Thread 0x00000174c0517610 nmethod 808 0x00000174a4909490 code [0x00000174a4909660, 0x00000174a49099d8]
Event: 1.165 Thread 0x00000174c0517610  809   !   3       java.util.zip.ZipCoder$UTF8ZipCoder::compare (81 bytes)
Event: 1.166 Thread 0x00000174c0517610 nmethod 809 0x00000174a4909c90 code [0x00000174a4909ee0, 0x00000174a490aa88]
Event: 1.166 Thread 0x00000174c0517610  810       3       java.lang.System$2::getBytesNoRepl (6 bytes)
Event: 1.166 Thread 0x00000174c0517610 nmethod 810 0x00000174a490b090 code [0x00000174a490b2a0, 0x00000174a490ba68]
Event: 1.166 Thread 0x00000174c0517610  811   !   3       java.util.zip.ZipFile::getInputStream (275 bytes)
Event: 1.168 Thread 0x00000174c0517610 nmethod 811 0x00000174a490bd10 code [0x00000174a490c020, 0x00000174a490d200]
Event: 1.168 Thread 0x00000174c0517610  814       3       java.lang.StringLatin1::writeDigitPair (21 bytes)
Event: 1.168 Thread 0x00000174c0517610 nmethod 814 0x00000174a490dd10 code [0x00000174a490dec0, 0x00000174a490e098]
Event: 1.168 Thread 0x00000174c0517610  812       3       java.lang.ClassLoader::loadClass (7 bytes)
Event: 1.168 Thread 0x00000174c0505050  815   !   4       java.util.jar.JarFile::checkForSpecialAttributes (163 bytes)
Event: 1.168 Thread 0x00000174c0517610 nmethod 812 0x00000174a490e210 code [0x00000174a490e3c0, 0x00000174a490e5a8]
Event: 1.168 Thread 0x00000174c0517610  813       3       jdk.internal.loader.ClassLoaders$AppClassLoader::loadClass (40 bytes)
Event: 1.168 Thread 0x00000174c0517610 nmethod 813 0x00000174a490e690 code [0x00000174a490e860, 0x00000174a490ec88]
Event: 1.169 Thread 0x00000174c0517610  816   !   3       java.util.zip.ZipFile$CleanableResource::getInflater (47 bytes)
Event: 1.169 Thread 0x00000174c0517610 nmethod 816 0x00000174a490ee90 code [0x00000174a490f060, 0x00000174a490f590]
Event: 1.169 Thread 0x00000174c0517610  817       3       java.util.zip.ZipFile$ZipFileInflaterInputStream::<init> (41 bytes)
Event: 1.170 Thread 0x00000174c0517610 nmethod 817 0x00000174a490f790 code [0x00000174a490f980, 0x00000174a490fe68]
Event: 1.170 Thread 0x00000174c0517610  818       3       java.util.zip.ZipFile$InflaterCleanupAction::<init> (15 bytes)
Event: 1.170 Thread 0x00000174c0517610 nmethod 818 0x00000174a4910010 code [0x00000174a49101c0, 0x00000174a49103f0]

GC Heap History (0 events):
No events

Dll operation events (8 events):
Event: 0.077 Loaded shared library C:\Users\pinzauti\.jdks\openjdk-22\bin\java.dll
Event: 0.079 Loaded shared library C:\Users\pinzauti\.jdks\openjdk-22\bin\zip.dll
Event: 0.138 Loaded shared library C:\Users\pinzauti\.jdks\openjdk-22\bin\jsvml.dll
Event: 0.427 Loaded shared library C:\Users\pinzauti\.jdks\openjdk-22\bin\instrument.dll
Event: 0.503 Loaded shared library C:\Users\pinzauti\.jdks\openjdk-22\bin\net.dll
Event: 0.505 Loaded shared library C:\Users\pinzauti\.jdks\openjdk-22\bin\nio.dll
Event: 0.520 Loaded shared library C:\Users\pinzauti\.jdks\openjdk-22\bin\zip.dll
Event: 0.776 Loaded shared library C:\Users\pinzauti\.jdks\openjdk-22\bin\jimage.dll

Deoptimization events (20 events):
Event: 0.793 Thread 0x000001749a34efe0 DEOPT PACKING pc=0x00000174a482d38f sp=0x0000004523bfd9c0
Event: 0.793 Thread 0x000001749a34efe0 DEOPT UNPACKING pc=0x00000174abd54e42 sp=0x0000004523bfce60 mode 0
Event: 0.824 Thread 0x000001749a34efe0 Uncommon trap: trap_request=0xffffff45 fr.pc=0x00000174ac2bf7fc relative=0x000000000000007c
Event: 0.824 Thread 0x000001749a34efe0 Uncommon trap: reason=unstable_if action=reinterpret pc=0x00000174ac2bf7fc method=java.io.WinNTFileSystem.isSlash(C)Z @ 9 c2
Event: 0.824 Thread 0x000001749a34efe0 DEOPT PACKING pc=0x00000174ac2bf7fc sp=0x0000004523bfdad0
Event: 0.824 Thread 0x000001749a34efe0 DEOPT UNPACKING pc=0x00000174abd546a2 sp=0x0000004523bfda68 mode 2
Event: 0.948 Thread 0x000001749a34efe0 Uncommon trap: trap_request=0xffffff6e fr.pc=0x00000174ac2cae38 relative=0x0000000000000198
Event: 0.948 Thread 0x000001749a34efe0 Uncommon trap: reason=loop_limit_check action=maybe_recompile pc=0x00000174ac2cae38 method=java.lang.StringLatin1.lastIndexOf([BII)I @ 19 c2
Event: 0.948 Thread 0x000001749a34efe0 DEOPT PACKING pc=0x00000174ac2cae38 sp=0x0000004523bfcbe0
Event: 0.948 Thread 0x000001749a34efe0 DEOPT UNPACKING pc=0x00000174abd546a2 sp=0x0000004523bfcb60 mode 2
Event: 0.949 Thread 0x000001749a34efe0 Uncommon trap: trap_request=0xffffff45 fr.pc=0x00000174ac2af64c relative=0x000000000000098c
Event: 0.949 Thread 0x000001749a34efe0 Uncommon trap: reason=unstable_if action=reinterpret pc=0x00000174ac2af64c method=java.util.HashMap.putVal(ILjava/lang/Object;Ljava/lang/Object;ZZ)Ljava/lang/Object; @ 69 c2
Event: 0.949 Thread 0x000001749a34efe0 DEOPT PACKING pc=0x00000174ac2af64c sp=0x0000004523bfc700
Event: 0.949 Thread 0x000001749a34efe0 DEOPT UNPACKING pc=0x00000174abd546a2 sp=0x0000004523bfc6c0 mode 2
Event: 1.039 Thread 0x000001749a34efe0 Uncommon trap: trap_request=0xffffff6e fr.pc=0x00000174ac2d3eec relative=0x000000000000042c
Event: 1.039 Thread 0x000001749a34efe0 Uncommon trap: reason=loop_limit_check action=maybe_recompile pc=0x00000174ac2d3eec method=java.lang.StringLatin1.indexOf([BI[BII)I @ 37 c2
Event: 1.039 Thread 0x000001749a34efe0 DEOPT PACKING pc=0x00000174ac2d3eec sp=0x0000004523bfdba0
Event: 1.039 Thread 0x000001749a34efe0 DEOPT UNPACKING pc=0x00000174abd546a2 sp=0x0000004523bfdb00 mode 2
Event: 1.170 Thread 0x000001749a34efe0 DEOPT PACKING pc=0x00000174a489d42a sp=0x0000004523bf9d40
Event: 1.170 Thread 0x000001749a34efe0 DEOPT UNPACKING pc=0x00000174abd54e42 sp=0x0000004523bf91d8 mode 0

Classes loaded (20 events):
Event: 1.165 Loading class org/springframework/util/ConcurrentReferenceHashMap
Event: 1.165 Loading class org/springframework/util/ConcurrentReferenceHashMap done
Event: 1.166 Loading class org/springframework/util/ConcurrentReferenceHashMap$Task
Event: 1.166 Loading class org/springframework/util/ConcurrentReferenceHashMap$Task done
Event: 1.167 Loading class org/springframework/util/ConcurrentReferenceHashMap$2
Event: 1.167 Loading class org/springframework/util/ConcurrentReferenceHashMap$2 done
Event: 1.167 Loading class org/springframework/util/ConcurrentReferenceHashMap$3
Event: 1.167 Loading class org/springframework/util/ConcurrentReferenceHashMap$3 done
Event: 1.168 Loading class org/springframework/util/ConcurrentReferenceHashMap$1
Event: 1.168 Loading class org/springframework/util/ConcurrentReferenceHashMap$1 done
Event: 1.169 Loading class org/springframework/util/ConcurrentReferenceHashMap$4
Event: 1.169 Loading class org/springframework/util/ConcurrentReferenceHashMap$4 done
Event: 1.170 Loading class org/springframework/util/ConcurrentReferenceHashMap$5
Event: 1.170 Loading class org/springframework/util/ConcurrentReferenceHashMap$5 done
Event: 1.171 Loading class org/springframework/util/ConcurrentReferenceHashMap$ReferenceType
Event: 1.171 Loading class org/springframework/util/ConcurrentReferenceHashMap$ReferenceType done
Event: 1.172 Loading class org/springframework/util/ConcurrentReferenceHashMap$Segment
Event: 1.172 Loading class org/springframework/util/ConcurrentReferenceHashMap$Segment done
Event: 1.173 Loading class org/springframework/util/ConcurrentReferenceHashMap$ReferenceManager
Event: 1.173 Loading class org/springframework/util/ConcurrentReferenceHashMap$ReferenceManager done

Classes unloaded (0 events):
No events

Classes redefined (0 events):
No events

Internal exceptions (6 events):
Event: 0.429 Thread 0x000001749a34efe0 Exception <a 'java/lang/NoSuchMethodError'{0x0000000621f35b88}: 'void java.lang.invoke.DirectMethodHandle$Holder.invokeStatic(java.lang.Object, java.lang.Object, java.lang.Object)'> (0x0000000621f35b88) 
thrown [s\open\src\hotspot\share\interpreter\linkResolver.cpp, line 774]
Event: 0.439 Thread 0x000001749a34efe0 Exception <a 'java/lang/NoSuchMethodError'{0x0000000621f4d620}: 'java.lang.Object java.lang.invoke.Invokers$Holder.invokeExact_MT(java.lang.Object, java.lang.Object, java.lang.Object, java.lang.Object, java.lang.Object)'> (0x0000000621f4d620) 
thrown [s\open\src\hotspot\share\interpreter\linkResolver.cpp, line 774]
Event: 0.956 Thread 0x000001749a34efe0 Exception <a 'java/lang/ClassNotFoundException'{0x00000006210d4408}: javax/smartcardio/CardPermission> (0x00000006210d4408) 
thrown [s\open\src\hotspot\share\classfile\systemDictionary.cpp, line 313]
Event: 0.963 Thread 0x000001749a34efe0 Exception <a 'java/io/FileNotFoundException'{0x00000006210e4720}> (0x00000006210e4720) 
thrown [s\open\src\hotspot\share\prims\jni.cpp, line 520]
Event: 1.022 Thread 0x000001749a34efe0 Exception <a 'java/lang/NoSuchMethodError'{0x0000000621185aa0}: 'java.lang.Object java.lang.invoke.DirectMethodHandle$Holder.invokeSpecial(java.lang.Object, java.lang.Object, java.lang.Object, long, java.lang.Object)'> (0x0000000621185aa0) 
thrown [s\open\src\hotspot\share\interpreter\linkResolver.cpp, line 774]
Event: 1.023 Thread 0x000001749a34efe0 Exception <a 'java/lang/NoSuchMethodError'{0x0000000621189400}: 'java.lang.Object java.lang.invoke.Invokers$Holder.linkToTargetMethod(java.lang.Object, long, java.lang.Object, java.lang.Object)'> (0x0000000621189400) 
thrown [s\open\src\hotspot\share\interpreter\linkResolver.cpp, line 774]

ZGC Phase Switch (0 events):
No events

VM Operations (8 events):
Event: 0.348 Executing VM operation: HandshakeAllThreads (Deoptimize)
Event: 0.348 Executing VM operation: HandshakeAllThreads (Deoptimize) done
Event: 0.422 Executing VM operation: ChangeBreakpoints
Event: 0.422 Executing VM operation: ChangeBreakpoints done
Event: 0.423 Executing VM operation: ChangeBreakpoints
Event: 0.423 Executing VM operation: ChangeBreakpoints done
Event: 0.824 Executing VM operation: HandshakeAllThreads (Deoptimize)
Event: 0.824 Executing VM operation: HandshakeAllThreads (Deoptimize) done

Events (18 events):
Event: 0.105 Thread 0x000001749a34efe0 Thread added: 0x000001749a34efe0
Event: 0.134 Thread 0x00000174c04f2c40 Thread added: 0x00000174c04f2c40
Event: 0.134 Thread 0x00000174c04f9870 Thread added: 0x00000174c04f9870
Event: 0.135 Thread 0x00000174c04fdde0 Thread added: 0x00000174c04fdde0
Event: 0.135 Thread 0x00000174c04fecd0 Thread added: 0x00000174c04fecd0
Event: 0.135 Thread 0x00000174c04ff8e0 Thread added: 0x00000174c04ff8e0
Event: 0.135 Thread 0x00000174c0500ae0 Thread added: 0x00000174c0500ae0
Event: 0.135 Thread 0x00000174c0505050 Thread added: 0x00000174c0505050
Event: 0.136 Thread 0x00000174c0517610 Thread added: 0x00000174c0517610
Event: 0.330 Thread 0x00000174bdc40380 Thread added: 0x00000174bdc40380
Event: 0.389 Thread 0x00000174c07a0050 Thread added: 0x00000174c07a0050
Event: 0.389 Thread 0x00000174c07ac280 Thread added: 0x00000174c07ac280
Event: 0.390 Thread 0x00000174c07acab0 Thread added: 0x00000174c07acab0
Event: 0.453 Thread 0x00000174c0720130 Thread added: 0x00000174c0720130
Event: 0.552 Thread 0x00000174c079ed60 Thread added: 0x00000174c079ed60
Event: 0.552 Thread 0x00000174c07e2c00 Thread added: 0x00000174c07e2c00
Event: 0.736 Thread 0x00000174c07e2c00 Thread exited: 0x00000174c07e2c00
Event: 0.736 Thread 0x00000174c079ed60 Thread exited: 0x00000174c079ed60


Dynamic libraries:
0x00007ff70d390000 - 0x00007ff70d39e000 	C:\Users\pinzauti\.jdks\openjdk-22\bin\java.exe
0x00007ffc1a4d0000 - 0x00007ffc1a6e4000 	C:\WINDOWS\SYSTEM32\ntdll.dll
0x00007ffc19700000 - 0x00007ffc197c3000 	C:\WINDOWS\System32\KERNEL32.DLL
0x00007ffc17d30000 - 0x00007ffc180cc000 	C:\WINDOWS\System32\KERNELBASE.dll
0x00007ffc17a40000 - 0x00007ffc17b51000 	C:\WINDOWS\System32\ucrtbase.dll
0x00007ffbfe0d0000 - 0x00007ffbfe0e7000 	C:\Users\pinzauti\.jdks\openjdk-22\bin\jli.dll
0x00007ffbe0070000 - 0x00007ffbe008b000 	C:\Users\pinzauti\.jdks\openjdk-22\bin\VCRUNTIME140.dll
0x00007ffc1a2e0000 - 0x00007ffc1a48d000 	C:\WINDOWS\System32\USER32.dll
0x00007ffc17d00000 - 0x00007ffc17d26000 	C:\WINDOWS\System32\win32u.dll
0x00007ffbff250000 - 0x00007ffbff4de000 	C:\WINDOWS\WinSxS\amd64_microsoft.windows.common-controls_6595b64144ccf1df_6.0.22621.608_none_a9444ca7c10bb01d\COMCTL32.dll
0x00007ffc18640000 - 0x00007ffc18669000 	C:\WINDOWS\System32\GDI32.dll
0x00007ffc17be0000 - 0x00007ffc17cf3000 	C:\WINDOWS\System32\gdi32full.dll
0x00007ffc18670000 - 0x00007ffc18717000 	C:\WINDOWS\System32\msvcrt.dll
0x00007ffc18240000 - 0x00007ffc182da000 	C:\WINDOWS\System32\msvcp_win.dll
0x00007ffc19540000 - 0x00007ffc19571000 	C:\WINDOWS\System32\IMM32.DLL
0x00007ffc14040000 - 0x00007ffc1404c000 	C:\Users\pinzauti\.jdks\openjdk-22\bin\vcruntime140_1.dll
0x00007ffbd6440000 - 0x00007ffbd64ce000 	C:\Users\pinzauti\.jdks\openjdk-22\bin\msvcp140.dll
0x00007ffb89ce0000 - 0x00007ffb8aa28000 	C:\Users\pinzauti\.jdks\openjdk-22\bin\server\jvm.dll
0x00007ffc182e0000 - 0x00007ffc1838e000 	C:\WINDOWS\System32\ADVAPI32.dll
0x00007ffc1a070000 - 0x00007ffc1a114000 	C:\WINDOWS\System32\sechost.dll
0x00007ffc198d0000 - 0x00007ffc199e5000 	C:\WINDOWS\System32\RPCRT4.dll
0x00007ffc1a260000 - 0x00007ffc1a2d1000 	C:\WINDOWS\System32\WS2_32.dll
0x00007ffc177e0000 - 0x00007ffc1782d000 	C:\WINDOWS\SYSTEM32\POWRPROF.dll
0x00007ffc0dc00000 - 0x00007ffc0dc34000 	C:\WINDOWS\SYSTEM32\WINMM.dll
0x00007ffc0bff0000 - 0x00007ffc0bffa000 	C:\WINDOWS\SYSTEM32\VERSION.dll
0x00007ffc17710000 - 0x00007ffc17723000 	C:\WINDOWS\SYSTEM32\UMPDC.dll
0x00007ffc16920000 - 0x00007ffc16938000 	C:\WINDOWS\SYSTEM32\kernel.appcore.dll
0x00007ffc12910000 - 0x00007ffc1291a000 	C:\Users\pinzauti\.jdks\openjdk-22\bin\jimage.dll
0x00007ffc152d0000 - 0x00007ffc154fe000 	C:\WINDOWS\SYSTEM32\DBGHELP.DLL
0x00007ffc190c0000 - 0x00007ffc19449000 	C:\WINDOWS\System32\combase.dll
0x00007ffc19460000 - 0x00007ffc19537000 	C:\WINDOWS\System32\OLEAUT32.dll
0x00007ffbfe640000 - 0x00007ffbfe672000 	C:\WINDOWS\SYSTEM32\dbgcore.DLL
0x00007ffc17b60000 - 0x00007ffc17bdb000 	C:\WINDOWS\System32\bcryptPrimitives.dll
0x00007ffbfce00000 - 0x00007ffbfce3c000 	C:\Users\pinzauti\.jdks\openjdk-22\bin\jdwp.dll
0x00007ffc14560000 - 0x00007ffc1456f000 	C:\Users\pinzauti\.jdks\openjdk-22\bin\instrument.dll
0x00007ffbd87a0000 - 0x00007ffbd87be000 	C:\Users\pinzauti\.jdks\openjdk-22\bin\java.dll
0x00007ffc188d0000 - 0x00007ffc190c0000 	C:\WINDOWS\System32\SHELL32.dll
0x00007ffc18730000 - 0x00007ffc188cc000 	C:\WINDOWS\System32\ole32.dll
0x00007ffbd8760000 - 0x00007ffbd8777000 	C:\Users\pinzauti\.jdks\openjdk-22\bin\zip.dll
0x00007ffc159c0000 - 0x00007ffc1628e000 	C:\WINDOWS\SYSTEM32\windows.storage.dll
0x00007ffc157d0000 - 0x00007ffc1590e000 	C:\WINDOWS\SYSTEM32\wintypes.dll
0x00007ffc19580000 - 0x00007ffc19671000 	C:\WINDOWS\System32\SHCORE.dll
0x00007ffc196a0000 - 0x00007ffc196fe000 	C:\WINDOWS\System32\shlwapi.dll
0x00007ffc17840000 - 0x00007ffc17861000 	C:\WINDOWS\SYSTEM32\profapi.dll
0x00007ffbbaa80000 - 0x00007ffbbab57000 	C:\Users\pinzauti\.jdks\openjdk-22\bin\jsvml.dll
0x00007ffc14550000 - 0x00007ffc1455c000 	C:\Users\pinzauti\.jdks\openjdk-22\bin\dt_socket.dll
0x00007ffc163f0000 - 0x00007ffc1641d000 	C:\WINDOWS\SYSTEM32\IPHLPAPI.DLL
0x00007ffc16d80000 - 0x00007ffc16de9000 	C:\WINDOWS\system32\mswsock.dll
0x00007ffbfeb60000 - 0x00007ffbfeb70000 	C:\Users\pinzauti\.jdks\openjdk-22\bin\net.dll
0x00007ffbd8780000 - 0x00007ffbd8796000 	C:\Users\pinzauti\.jdks\openjdk-22\bin\nio.dll

dbghelp: loaded successfully - version: 4.0.5 - missing functions: none
symbol engine: initialized successfully - sym options: 0x614 - pdb path: .;C:\Users\pinzauti\.jdks\openjdk-22\bin;C:\WINDOWS\SYSTEM32;C:\WINDOWS\WinSxS\amd64_microsoft.windows.common-controls_6595b64144ccf1df_6.0.22621.608_none_a9444ca7c10bb01d;C:\Users\pinzauti\.jdks\openjdk-22\bin\server

VM Arguments:
jvm_args: -agentlib:jdwp=transport=dt_socket,address=127.0.0.1:61752,suspend=y,server=n -javaagent:C:\Users\pinzauti\AppData\Local\JetBrains\IntelliJIdea2024.1\captureAgent\debugger-agent.jar -Dfile.encoding=UTF-8 -Dsun.stdout.encoding=UTF-8 -Dsun.stderr.encoding=UTF-8 
java_command: com.temera.movie.MovieApplication
java_class_path (initial): C:\Users\pinzauti\Desktop\temera\movie\movie\target\classes;C:\Users\pinzauti\.m2\repository\org\springframework\boot\spring-boot-starter-data-jpa\3.3.0\spring-boot-starter-data-jpa-3.3.0.jar;C:\Users\pinzauti\.m2\repository\org\springframework\boot\spring-boot-starter-aop\3.3.0\spring-boot-starter-aop-3.3.0.jar;C:\Users\pinzauti\.m2\repository\org\springframework\spring-aop\6.1.8\spring-aop-6.1.8.jar;C:\Users\pinzauti\.m2\repository\org\aspectj\aspectjweaver\1.9.22\aspectjweaver-1.9.22.jar;C:\Users\pinzauti\.m2\repository\org\springframework\boot\spring-boot-starter-jdbc\3.3.0\spring-boot-starter-jdbc-3.3.0.jar;C:\Users\pinzauti\.m2\repository\com\zaxxer\HikariCP\5.1.0\HikariCP-5.1.0.jar;C:\Users\pinzauti\.m2\repository\org\springframework\spring-jdbc\6.1.8\spring-jdbc-6.1.8.jar;C:\Users\pinzauti\.m2\repository\org\hibernate\orm\hibernate-core\6.5.2.Final\hibernate-core-6.5.2.Final.jar;C:\Users\pinzauti\.m2\repository\jakarta\persistence\jakarta.persistence-api\3.1.0\jakarta.persistence-api-3.1.0.jar;C:\Users\pinzauti\.m2\repository\jakarta\transaction\jakarta.transaction-api\2.0.1\jakarta.transaction-api-2.0.1.jar;C:\Users\pinzauti\.m2\repository\org\jboss\logging\jboss-logging\3.5.3.Final\jboss-logging-3.5.3.Final.jar;C:\Users\pinzauti\.m2\repository\org\hibernate\common\hibernate-commons-annotations\6.0.6.Final\hibernate-commons-annotations-6.0.6.Final.jar;C:\Users\pinzauti\.m2\repository\io\smallrye\jandex\3.1.2\jandex-3.1.2.jar;C:\Users\pinzauti\.m2\repository\com\fasterxml\classmate\1.7.0\classmate-1.7.0.jar;C:\Users\pinzauti\.m2\repository\net\bytebuddy\byte-buddy\1.14.16\byte-buddy-1.14.16.jar;C:\Users\pinzauti\.m2\repository\org\glassfish\jaxb\jaxb-runtime\4.0.5\jaxb-runtime-4.0.5.jar;C:\Users\pinzauti\.m2\repository\org\glassfish\jaxb\jaxb-core\4.0.5\jaxb-core-4.0.5.jar;C:\Users\pinzauti\.m2\repository\org\eclipse\angus\angus-activation\2.0.2\angus-activation-2.0.2.jar;C:\Users\pinzauti\.m2\repository\org\glassfish\jaxb\txw2\4.0.5\txw2-4.0.5.jar;C:\Users\pinzauti\.m2\repository\com\sun\istack\istack-commons-runtime\4.1.2\istack-commons-runtime-4.1.2.jar;C:\Users\pinzauti\.m2\repository\jakarta\inject\jakarta.inject-api\2.0.1\jakarta.inject-api-2.0.1.jar;C:\Users\pinzauti\.m2\repository\org\antlr\antlr4-runtime\4.13.0\antlr4-runtime-4.13.0.jar;C:\Users\pinzauti\.m2\repository\org\springframework\data\spring-data-jpa\3.3.0\spring-data-jpa-3.3.0.jar;C:\Users\pinzauti\.m2\repository\org\springframework\data\spring-data-commons\3.3.0\spring-data-commons-3.3.0.jar;C:\Users\pinzauti\.m2\repository\org\springframework\spring-orm\6.1.8\spring-orm-6.1.8.jar;C:\Users\pinzauti\.m2\repository\org\springframework\spring-context\6.1.8\spring-context-6.1.8.jar;C:\Users\pinzauti\.m2\repository\org\springframework\spring-tx\6.1.8\spring-tx-6.1.8.jar;C:\Users\pinzauti\.m2\repository\org\springframework\spring-beans\6.1.8\spring-beans-6.1.8.jar;C:\Users\pinzauti\.m2\repository\jakarta\annotation\jakarta.annotation-api\2.1.1\jakarta.annotation-api-2.1.1.jar;C:\Users\pinzauti\.m2\repository\org\slf4j\slf4j-api\2.0.13\slf4j-api-2.0.13.jar;C:\Users\pinzauti\.m2\repository\org\springframework\spring-aspects\6.1.8\spring-aspects-6.1.8.jar;C:\Users\pinzauti\.m2\repository\org\springframework\boot\spring-boot-starter-validation\3.3.0\spring-boot-starter-validation-3.3.0.jar;C:\Users\pinzauti\.m2\repository\org\springframework\boot\spring-boot-starter\3.3.0\spring-boot-starter-3.3.0.jar;C:\Users\pinzauti\.m2\repository\org\springframework\boot\spring-boot\3.3.0\spring-boot-3.3.0.jar;C:\Users\pinzauti\.m2\repository\org\springframework\boot\spring-boot-autoconfigure\3.3.0\spring-boot-autoconfigure-3.3.0.jar;C:\Users\pinzauti\.m2\repository\org\springframework\boot\spring-boot-starter-logging\3.3.0\spring-boot-starter-logging-3.3.0.jar;C:\Users\pinzauti\.m2\repository\ch\qos\logback\logback-classic\1.5.6\logback-classic-1.5.6.jar;C:\Users\pinzauti\.m2\repository\ch\qos\logback\logback-core\1.5.6\logback-core-1.5.6.jar;C:\Users\pinzauti\.m2\repository\org\apache\logging\log4j\log4j-to-slf4j\2.23.1\log4j-to-slf4j-2.23.1.jar;C:\Users\pinzauti\.m2\repository\org\apache\logging\log4j\log4j-api\2.23.1\log4j-api-2.23.1.jar;C:\Users\pinzauti\.m2\repository\org\slf4j\jul-to-slf4j\2.0.13\jul-to-slf4j-2.0.13.jar;C:\Users\pinzauti\.m2\repository\org\yaml\snakeyaml\2.2\snakeyaml-2.2.jar;C:\Users\pinzauti\.m2\repository\org\apache\tomcat\embed\tomcat-embed-el\10.1.24\tomcat-embed-el-10.1.24.jar;C:\Users\pinzauti\.m2\repository\org\hibernate\validator\hibernate-validator\8.0.1.Final\hibernate-validator-8.0.1.Final.jar;C:\Users\pinzauti\.m2\repository\jakarta\validation\jakarta.validation-api\3.0.2\jakarta.validation-api-3.0.2.jar;C:\Users\pinzauti\.m2\repository\org\springframework\boot\spring-boot-starter-web\3.3.0\spring-boot-starter-web-3.3.0.jar;C:\Users\pinzauti\.m2\repository\org\springframework\boot\spring-boot-starter-json\3.3.0\spring-boot-starter-json-3.3.0.jar;C:\Users\pinzauti\.m2\repository\com\fasterxml\jackson\core\jackson-databind\2.17.1\jackson-databind-2.17.1.jar;C:\Users\pinzauti\.m2\repository\com\fasterxml\jackson\core\jackson-annotations\2.17.1\jackson-annotations-2.17.1.jar;C:\Users\pinzauti\.m2\repository\com\fasterxml\jackson\core\jackson-core\2.17.1\jackson-core-2.17.1.jar;C:\Users\pinzauti\.m2\repository\com\fasterxml\jackson\datatype\jackson-datatype-jdk8\2.17.1\jackson-datatype-jdk8-2.17.1.jar;C:\Users\pinzauti\.m2\repository\com\fasterxml\jackson\datatype\jackson-datatype-jsr310\2.17.1\jackson-datatype-jsr310-2.17.1.jar;C:\Users\pinzauti\.m2\repository\com\fasterxml\jackson\module\jackson-module-parameter-names\2.17.1\jackson-module-parameter-names-2.17.1.jar;C:\Users\pinzauti\.m2\repository\org\springframework\boot\spring-boot-starter-tomcat\3.3.0\spring-boot-starter-tomcat-3.3.0.jar;C:\Users\pinzauti\.m2\repository\org\apache\tomcat\embed\tomcat-embed-core\10.1.24\tomcat-embed-core-10.1.24.jar;C:\Users\pinzauti\.m2\repository\org\apache\tomcat\embed\tomcat-embed-websocket\10.1.24\tomcat-embed-websocket-10.1.24.jar;C:\Users\pinzauti\.m2\repository\org\springframework\spring-web\6.1.8\spring-web-6.1.8.jar;C:\Users\pinzauti\.m2\repository\io\micrometer\micrometer-observation\1.13.0\micrometer-observation-1.13.0.jar;C:\Users\pinzauti\.m2\repository\io\micrometer\micrometer-commons\1.13.0\micrometer-commons-1.13.0.jar;C:\Users\pinzauti\.m2\repository\org\springframework\spring-webmvc\6.1.8\spring-webmvc-6.1.8.jar;C:\Users\pinzauti\.m2\repository\org\springframework\spring-expression\6.1.8\spring-expression-6.1.8.jar;C:\Users\pinzauti\.m2\repository\com\h2database\h2\2.2.224\h2-2.2.224.jar;C:\Users\pinzauti\.m2\repository\jakarta\xml\bind\jakarta.xml.bind-api\4.0.2\jakarta.xml.bind-api-4.0.2.jar;C:\Users\pinzauti\.m2\repository\jakarta\activation\jakarta.activation-api\2.1.3\jakarta.activation-api-2.1.3.jar;C:\Users\pinzauti\.m2\repository\org\springframework\spring-core\6.1.8\spring-core-6.1.8.jar;C:\Users\pinzauti\.m2\repository\org\springframework\spring-jcl\6.1.8\spring-jcl-6.1.8.jar;C:\Users\pinzauti\.m2\repository\org\springdoc\springdoc-openapi-starter-webmvc-ui\2.5.0\springdoc-openapi-starter-webmvc-ui-2.5.0.jar;C:\Users\pinzauti\.m2\repository\org\springdoc\springdoc-openapi-starter-webmvc-api\2.5.0\springdoc-openapi-starter-webmvc-api-2.5.0.jar;C:\Users\pinzauti\.m2\repository\org\springdoc\springdoc-openapi-starter-common\2.5.0\springdoc-openapi-starter-common-2.5.0.jar;C:\Users\pinzauti\.m2\repository\io\swagger\core\v3\swagger-core-jakarta\2.2.21\swagger-core-jakarta-2.2.21.jar;C:\Users\pinzauti\.m2\repository\org\apache\commons\commons-lang3\3.14.0\commons-lang3-3.14.0.jar;C:\Users\pinzauti\.m2\repository\io\swagger\core\v3\swagger-annotations-jakarta\2.2.21\swagger-annotations-jakarta-2.2.21.jar;C:\Users\pinzauti\.m2\repository\io\swagger\core\v3\swagger-models-jakarta\2.2.21\swagger-models-jakarta-2.2.21.jar;C:\Users\pinzauti\.m2\repository\com\fasterxml\jackson\dataformat\jackson-dataformat-yaml\2.17.1\jackson-dataformat-yaml-2.17.1.jar;C:\Users\pinzauti\.m2\repository\org\webjars\swagger-ui\5.13.0\swagger-ui-5.13.0.jar;C:\Program Files\JetBrains\IntelliJ IDEA 2021.2.1\lib\idea_rt.jar
Launcher Type: SUN_STANDARD

[Global flags]
     intx CICompilerCount                          = 4                                         {product} {ergonomic}
     uint ConcGCThreads                            = 2                                         {product} {ergonomic}
     uint G1ConcRefinementThreads                  = 8                                         {product} {ergonomic}
   size_t G1HeapRegionSize                         = 4194304                                   {product} {ergonomic}
   size_t InitialHeapSize                          = 536870912                                 {product} {ergonomic}
   size_t MarkStackSize                            = 4194304                                   {product} {ergonomic}
   size_t MaxHeapSize                              = 8556380160                                {product} {ergonomic}
   size_t MaxNewSize                               = 5133828096                                {product} {ergonomic}
   size_t MinHeapDeltaBytes                        = 4194304                                   {product} {ergonomic}
   size_t MinHeapSize                              = 8388608                                   {product} {ergonomic}
    uintx NonNMethodCodeHeapSize                   = 5839372                                {pd product} {ergonomic}
    uintx NonProfiledCodeHeapSize                  = 122909434                              {pd product} {ergonomic}
    uintx ProfiledCodeHeapSize                     = 122909434                              {pd product} {ergonomic}
    uintx ReservedCodeCacheSize                    = 251658240                              {pd product} {ergonomic}
     bool SegmentedCodeCache                       = true                                      {product} {ergonomic}
   size_t SoftMaxHeapSize                          = 8556380160                             {manageable} {ergonomic}
     bool UseCompressedOops                        = true                           {product lp64_product} {ergonomic}
     bool UseG1GC                                  = true                                      {product} {ergonomic}
     bool UseLargePagesIndividualAllocation        = false                                  {pd product} {ergonomic}

Logging:
Log output configuration:
 #0: stdout all=warning uptime,level,tags foldmultilines=false
 #1: stderr all=off uptime,level,tags foldmultilines=false

Environment Variables:
JAVA_HOME=C:\Program Files\Java\jdk-11.0.2\
PATH=C:\Python310\Scripts\;C:\Python310\;C:\Program Files\Zulu\zulu-11\bin\;C:\WINDOWS\system32;C:\WINDOWS;C:\WINDOWS\System32\Wbem;C:\WINDOWS\System32\WindowsPowerShell\v1.0\;C:\WINDOWS\System32\OpenSSH\;C:\Program Files (x86)\Intel\Intel(R) Management Engine Components\DAL;C:\Program Files\Intel\Intel(R) Management Engine Components\DAL;C:\Program Files\OpenVPN\bin;C:\Program Files\PuTTY\;C:\Program Files\Zulu\zulu-8\bin\;C:\Program Files\Java\jdk-14.0.2\bin;C:\ProgramData\chocolatey\bin;C:\Program Files\nodejs\;;C:\Program Files (x86)\CheckPoint\Endpoint Security\Endpoint Common\bin;C:\Program Files\Go\bin;C:\Program Files\Docker\Docker\resources\bin;C:\Program Files (x86)\Pulse Secure\VC142.CRT\X64\;C:\Program Files (x86)\Pulse Secure\VC142.CRT\X86\;C:\Program Files (x86)\Common Files\Pulse Secure\TNC Client Plugin\;C:\Program Files\Liquid Technologies\Liquid Studio\XmlDataBinder20\Redist20\cpp\win32\bin;C:\Program Files\Liquid Technologies\Liquid Studio\XmlDataBinder20\Redist20\cpp\win64\bin;C:\Program Files (x86)\Microsoft SQL Server\160\DTS\Binn\;C:\Program Files\Azure Data Studio\bin;C:\Program Files\Microsoft SQL Server\Client SDK\ODBC\170\Tools\Binn\;C:\Program Files\CMake\bin;C:\Users\pinzauti\AppData\Local\Programs\Python\Python37-32\Scripts\;C:\Users\pinzauti\AppData\Local\Programs\Python\Python37-32\;C:\Users\pinzauti\AppData\Local\Microsoft\WindowsApps;C:\Users\pinzauti\AppData\Local\Programs\Git\cmd;C:\Users\pinzauti\AppData\Local\Programs\Fiddler;C:\Users\pinzauti\AppData\Local\Programs\Microsoft VS Code\bin;C:\Program Files\heroku\bin;C:\Program Files\JetBrains\IntelliJ IDEA 2021.2.1\bin;;C:\Users\pinzauti\AppData\Roaming\npm;C:\Users\pinzauti\go\bin;C:\Users\pinzauti\AppData\Local\Microsoft\WindowsApps;C:\msys64\mingw64\bin;;C:\Program Files\Azure Data Studio\bin;C:\Windows\System32\WindowsPowerShell\v1.0
USERNAME=pinzauti
OS=Windows_NT
PROCESSOR_IDENTIFIER=Intel64 Family 6 Model 142 Stepping 12, GenuineIntel
TMP=C:\Users\pinzauti\AppData\Local\Temp
TEMP=C:\Users\pinzauti\AppData\Local\Temp




Periodic native trim disabled

---------------  S Y S T E M  ---------------

OS:
 Windows 11 , 64 bit Build 22621 (10.0.22621.1344)
OS uptime: 8 days 2:48 hours
Hyper-V role detected

CPU: total 8 (initial active 8) (4 cores per cpu, 2 threads per core) family 6 model 142 stepping 12 microcode 0xf8, cx8, cmov, fxsr, ht, mmx, 3dnowpref, sse, sse2, sse3, ssse3, sse4.1, sse4.2, popcnt, lzcnt, tsc, tscinvbit, avx, avx2, aes, erms, clmul, bmi1, bmi2, adx, fma, vzeroupper, clflush, clflushopt, hv, rdtscp, f16c
Processor Information for all 8 processors :
  Max Mhz: 1992, Current Mhz: 1792, Mhz Limit: 1792

Memory: 4k page, system-wide physical 32638M (2445M free)
TotalPageFile size 40702M (AvailPageFile size 608M)
current process WorkingSet (physical memory assigned to process): 73M, peak: 73M
current process commit charge ("private bytes"): 619M, peak: 619M

vm_info: OpenJDK 64-Bit Server VM (22+36-2370) for windows-amd64 JRE (22+36-2370), built on 2024-02-15T22:15:19Z by "mach5one" with MS VC++ 17.6 (VS2022)

END.
